[13:06:01.858] [Info] Root: Preparing Root...
[13:06:01.858] [Info] Root: Done preparing Root.
[13:06:01.858] [Info] Client Version 1.4.4 (windows x86_64) Source ID: 8cbe6faf22282659828a194e06a08999f213769e Protocol: 747
[13:06:01.858] [Info] Root: Scanning for asset sources in directory '..\assets\'
[13:06:02.135] [Info] Root: Scanning for asset sources in directory '..\mods\'
[13:06:02.944] [Info] Root: Detected asset source named 'base' at '..\assets\packed.pak'
[13:06:02.944] [Info] Root: Detected asset source named 'SChinese' at '..\mods\SChinese.pak'
[13:06:02.944] [Info] Root: Detected asset source named 'Disabled drop for Survival Mode' at '..\mods\BanDrop.pak'
[13:06:02.944] [Info] Root: Detected asset source named 'QuickbarMini' at '..\mods\BarMini.pak'
[13:06:02.944] [Info] Root: Detected asset source named 'FrackinUniverse' at '..\mods\FU.pak'
[13:06:02.944] [Info] Root: Detected asset source named 'Fu Schinese' at '..\mods\FUC.pak'
[13:06:02.944] [Info] Root: Detected asset source named 'LessDeadMoons' at '..\mods\MoonExpand.pak'
[13:06:02.944] [Info] Root: Detected asset source named 'bk3k_fasterStart' at '..\mods\QuickStart.pak'
[13:06:02.944] [Info] Root: Detected asset source named 'SC-Font' at '..\mods\StarCore.pak'
[13:06:02.944] [Info] Root: Detected asset source named 'Cutebound' at '..\mods\Cutebound.pak'
[13:06:02.944] [Info] Root: Detected asset source named 'Arcana' at '..\mods\Arcana.pak'
[13:06:02.944] [Info] Root: Detected asset source named 'ArcanaChinese' at '..\mods\ArcanaChinese.pak'
[13:06:02.944] [Info] Root: Detected asset source named 'Arcana UI' at '..\mods\ArcanaUI.pak'
[13:06:02.944] [Info] Root: Detected asset source named 'No Weather Blockdamage' at '..\mods\BanWeatherDamage.pak'
[13:06:02.944] [Info] Root: Detected unnamed asset source at '..\assets\user'
[13:06:02.944] [Info] Loading assets from: '..\assets\packed.pak'
[13:06:03.279] [Info] Loading assets from: '..\mods\SChinese.pak'
[13:06:03.331] [Info] Loading assets from: '..\mods\BanDrop.pak'
[13:06:03.332] [Info] Loading assets from: '..\mods\BarMini.pak'
[13:06:03.332] [Info] Loading assets from: '..\mods\FU.pak'
[13:06:03.948] [Info] Loading assets from: '..\mods\FUC.pak'
[13:06:04.053] [Info] Loading assets from: '..\mods\MoonExpand.pak'
[13:06:04.054] [Info] Loading assets from: '..\mods\QuickStart.pak'
[13:06:04.054] [Info] Loading assets from: '..\mods\StarCore.pak'
[13:06:04.055] [Info] Loading assets from: '..\mods\Cutebound.pak'
[13:06:04.066] [Info] Loading assets from: '..\mods\Arcana.pak'
[13:06:04.106] [Info] Loading assets from: '..\mods\ArcanaChinese.pak'
[13:06:04.114] [Info] Loading assets from: '..\mods\ArcanaUI.pak'
[13:06:04.115] [Info] Loading assets from: '..\mods\BanWeatherDamage.pak'
[13:06:04.115] [Info] Loading assets from: '..\assets\user'
[13:06:05.737] [Info] Assets digest is 8143299de85201793777a5f3df326522febac21daa7428394ba90e74124a1cbc
[13:06:05.737] [Info] Root: Loaded Assets in 3.87915 seconds
[13:06:05.740] [Info] Application: Initializing SDL Video
[13:06:05.746] [Info] Application: Initializing SDL Joystick
[13:06:05.859] [Info] Application: Initializing SDL Sound
[13:06:06.473] [Info] Initialized Steam platform services
[13:06:06.475] [Error] Failed to instantiate discord core (err 26)
[13:06:06.475] [Info] Was not able to authenticate with Discord and create all components, Discord services will be unavailable
[13:06:06.513] [Info] Application: Creating SDL Window
[13:06:07.186] [Info] Application: Enabling VSync with late swap tearing
[13:06:07.209] [Info] Application: Opened default audio device with 44.1khz / 16 bit stereo audio, 2048 sample size buffer
[13:06:07.239] [Info] OpenGL version: '4.6.0 NVIDIA 431.98' vendor: 'NVIDIA Corporation' renderer: 'GeForce RTX 2060/PCIe/SSE2' shader: '4.60 NVIDIA'
[13:06:07.371] [Info] Application: initialization...
[13:06:07.398] [Info] Root: Loaded Configuration in 0.0123978 seconds
[13:06:07.425] [Info] Application: Disabling VSync
[13:06:07.431] [Info] Application: renderer initialization...
[13:06:07.454] [Info] detected supported OpenGL texture size 32768, using atlasNumCells 128
[13:06:07.579] [Info] Root: Loaded ImageMetadataDatabase in 1.30001e-06 seconds
[13:06:07.772] [Info] Application: main update loop...
[13:06:07.792] [Info] No subscribed user generated content
[13:06:07.880] [Info] Root: Loaded NameGenerator in 0.0815659 seconds
[13:06:09.258] [Info] Root: Loaded PlantDatabase in 1.37875 seconds
[13:06:10.026] [Error] Could not apply patch from file /objects/farmables/flowerspring/flowerspring.object.patch in source: ..\mods\SChinese.pak.  Caused by: (JsonPatchException) Could not apply patch to base. (JsonPatchException) Could not apply operation to base. (TraversalException) Could not find "novakidDescription" to remove
[13:06:11.130] [Error] Could not apply patch from file /objects/farmables/flowerblue/flowerblue.object.patch in source: ..\mods\SChinese.pak.  Caused by: (JsonPatchException) Could not apply patch to base. (JsonPatchException) Could not apply operation to base. (TraversalException) Could not find "novakidDescription" to remove
[13:06:11.443] [Info] Root: Loaded ProjectileDatabase in 2.18497 seconds
[13:06:12.387] [Error] Could not apply patch from file /objects/farmables/flowerred/flowerred.object.patch in source: ..\mods\SChinese.pak.  Caused by: (JsonPatchException) Could not apply patch to base. (JsonPatchException) Could not apply operation to base. (TraversalException) Could not find "novakidDescription" to remove
[13:06:14.617] [Error] Could not apply patch from file /objects/farmables/floweryellow/floweryellow.object.patch in source: ..\mods\SChinese.pak.  Caused by: (JsonPatchException) Could not apply patch to base. (JsonPatchException) Could not apply operation to base. (TraversalException) Could not find "novakidDescription" to remove
[13:06:14.848] [Error] Could not apply patch from file /objects/outpost/outpostservicepanel/outpostservicepanel.object.patch in source: ..\mods\SChinese.pak.  Caused by: (JsonPatchException) Could not apply patch to base. (JsonPatchException) Could not apply operation to base. (TraversalException) Could not find "apexDescription" to remove
[13:06:14.852] [Info] Root: Loaded ObjectDatabase in 7.05332 seconds
[13:06:15.185] [Info] Root: Loaded MonsterDatabase in 3.74245 seconds
[13:06:15.204] [Info] Root: Writing runtime configuration to '..\storage\starbound.config'
[13:06:15.400] [Info] Root: Loaded StagehandDatabase in 0.21502 seconds
[13:06:15.443] [Info] Root: Loaded VehicleDatabase in 0.0419873 seconds
[13:06:15.563] [Info] Root: Loaded PlayerFactory in 0.11987 seconds
[13:06:15.587] [Info] Root: Loaded NpcDatabase in 0.735264 seconds
[13:06:15.646] [Info] Root: Loaded VersioningDatabase in 0.0592751 seconds
[13:06:15.646] [Info] Root: Loaded EntityFactory in 0.0831149 seconds
[13:06:15.921] [Error] Could not apply patch from file /items/materials/bamboo.matitem.patch in source: ..\mods\SChinese.pak.  Caused by: (JsonPatchException) Could not apply patch to base. (JsonPatchException) Could not apply operation to base. (TraversalException) Could not find "glitchdescription" to remove
[13:06:15.922] [Info] Root: Loaded ParticleDatabase in 0.270354 seconds
[13:06:16.038] [Error] Could not apply patch from file /items/materials/supermatter.matitem.patch in source: ..\mods\SChinese.pak.  Caused by: (JsonPatchException) Could not apply patch to base. (JsonPatchException) Could not apply operation to base. (TraversalException) Could not find "glitchdescription" to remove
[13:06:16.525] [Error] Could not apply patch from file /tiles/materials/purplecrystal.material.patch in source: ..\mods\SChinese.pak.  Caused by: (JsonPatchException) Could not apply patch to base. (JsonPatchException) Could not apply operation to base. (TraversalException) Could not find "novakidDescription" to remove
[13:06:16.766] [Error] Could not apply patch from file /tiles/materials/bamboo.material.patch in source: ..\mods\SChinese.pak.  Caused by: (JsonPatchException) Could not apply patch to base. (JsonPatchException) Could not apply operation to base. (TraversalException) Could not find "novakidDescription" to remove
[13:06:17.125] [Info] Root: Loaded MaterialDatabase in 1.47911 seconds
[13:06:17.154] [Info] Root: Loaded TerrainDatabase in 0.0286402 seconds
[13:06:17.939] [Info] Root: Loaded BiomeDatabase in 0.785258 seconds
[13:06:17.965] [Info] Root: Loaded LiquidsDatabase in 0.0262576 seconds
[13:06:18.358] [Info] Root: Loaded StatusEffectDatabase in 0.393171 seconds
[13:06:19.220] [Info] Root: Loaded DamageDatabase in 0.861268 seconds
[13:06:19.292] [Info] Root: Loaded EffectSourceDatabase in 0.0720058 seconds
[13:06:19.374] [Info] Root: Loaded FunctionDatabase in 0.0820899 seconds
[13:06:19.510] [Info] Root: Loaded TreasureDatabase in 0.13598 seconds
[13:06:22.579] [Info] Root: Loaded DungeonDefinitions in 3.06897 seconds
[13:06:22.599] [Info] Root: Loaded TilesetDatabase in 0.0200253 seconds
[13:06:22.628] [Info] Root: Loaded StatisticsDatabase in 0.0296734 seconds
[13:06:22.634] [Info] Root: Loaded EmoteProcessor in 0.004714 seconds
[13:06:22.746] [Info] Root: Loaded SpeciesDatabase in 0.112464 seconds
[13:06:22.922] [Info] Root: Loaded QuestTemplateDatabase in 0.175855 seconds
[13:06:22.993] [Info] Root: Loaded AiDatabase in 0.0710227 seconds
[13:06:23.052] [Info] Root: Loaded TechDatabase in 0.0588176 seconds
[13:06:23.237] [Info] Root: Loaded CodexDatabase in 0.184899 seconds
[13:06:23.571] [Info] Root: Loaded BehaviorDatabase in 0.333048 seconds
[13:06:23.579] [Info] Root: Loaded DanceDatabase in 0.008089 seconds
[13:06:23.614] [Info] Root: Loaded SpawnTypeDatabase in 0.0351968 seconds
[13:06:23.869] [Info] Root: Loaded RadioMessageDatabase in 0.256118 seconds
[13:06:36.249] [Info] Root: Loaded ItemDatabase in 20.6631 seconds
[13:06:36.639] [Info] Root: Loaded CollectionDatabase in 12.7698 seconds
[13:06:37.405] [Error] Could not apply patch from file /items/materials/supermatter.matitem.patch in source: ..\mods\SChinese.pak.  Caused by: (JsonPatchException) Could not apply patch to base. (JsonPatchException) Could not apply operation to base. (TraversalException) Could not find "glitchdescription" to remove
[13:06:38.239] [Error] Could not apply patch from file /interface/windowconfig/charcreation.config.patch in source: ..\mods\SChinese.pak.  Caused by: (JsonPatchException) Could not apply patch to base. (JsonPatchException) Could not apply operation to base. (TraversalException) No such key 'labelGender' in pathApply("/paneLayout/labelGender/value")
[13:06:38.400] [Info] detected supported OpenGL texture size 32768, using atlasNumCells 256
[13:06:41.841] [Info] UniverseServer: Acquiring universe lock file
[13:06:41.862] [Info] UniverseServer: Loading settings
[13:06:41.880] [Info] UniverseServer: Starting UniverseServer with UUID: d7b8a69a2adaa547e7c6b5c94740f46c
[13:06:42.052] [Info] UniverseServer: Logged in player 'Shadowrabbit' locally
[13:06:42.052] [Info] UniverseServer: Logged in account '<anonymous>' as player 'Shadowrabbit' from address local
[13:06:42.072] [Info] UniverseServer: Loading system world (-380526378, 515934485, -153072467) from disk storage
[13:06:42.081] [Info] UniverseClient: Joined server as client 1
[13:06:42.198] [Info] UniverseServer: Reviving player at CelestialWorld:-380526374:515934484:-283439852:9:1
[13:06:42.198] [Info] UniverseServer: Client 'Shadowrabbit' <1> (local) connected
[13:06:42.199] [Info] UniverseServer: Loading celestial world -380526374:515934484:-283439852:9:1
[13:06:42.502] [Error] Could not apply patch from file /interface/scripted/mmupgrade/mmupgradegui.config.patch in source: ..\mods\SChinese.pak.  Caused by: (JsonPatchException) Could not apply patch to base. (JsonPatchException) Could not apply operation to base. (TraversalException) No such key 'windowtitle' in pathApply("/gui/windowtitle/title")
[13:06:42.510] [Error] Could not apply patch from file /interface/scripted/mmupgrade/mmupgradegui.config.patch in source: ..\mods\FUC.pak.  Caused by: (JsonPatchException) Could not apply patch to base. (JsonPatchException) Could not apply operation to base. (TraversalException) No such key 'upgrades' in pathApply("/upgrades/size1/description")
[13:06:42.549] [Info] Protected dungeonIds for world set to (65524)
[13:06:42.620] [Info] detected supported OpenGL texture size 32768, using atlasNumCells 256
[13:06:42.642] [Info] detected supported OpenGL texture size 32768, using atlasNumCells 256
[13:06:42.701] [Info] detected supported OpenGL texture size 32768, using atlasNumCells 256
[13:06:42.701] [Info] Setting steam rich presence connection as steamid_76561198117527458
[13:06:42.724] [Error] Cannot set Steam achievement kill10poptops
[13:06:42.802] [Info] UniverseServer: listening for incoming TCP connections on 0.0.0.0:21025
[13:06:43.891] [Info] UniverseServer: Warping player 1 to CelestialWorld:-380526374:515934484:-283439852:9:1=2438.676
[13:06:44.365] [Info] ----- FU player init -----
[13:06:44.366] [Info] ----- End FU player init -----
[13:06:44.366] [Info] ----- ZB player init -----
[13:06:44.366] [Info] [ZB] Mods using update info window and their versions:
[13:06:44.372] [Info] -- ztarbound   [Version 6.1.22]
[13:06:44.372] [Info] -- frackinuniverse   [Version 6.1.22]
[13:06:44.372] [Info] ----- end ZB player init -----
[13:07:57.193] [Info] UniverseServer: Loading client ship world ClientShipWorld:84fbff2d61d95dee5459526ba87ac3dd
[13:07:57.320] [Info] Protected dungeonIds for world set to (65524)
[13:07:57.605] [Info] UniverseServer: Warping player 1 to ClientShipWorld:84fbff2d61d95dee5459526ba87ac3dd
[13:07:57.614] [Info] UniverseServer: Stopping idle world CelestialWorld:-380526374:515934484:-283439852:9:1
[13:07:57.622] [Info] Client received world stop packet, leaving: Removed
[13:07:58.043] [Info] ----- FU player init -----
[13:07:58.043] [Info] ----- End FU player init -----
[13:07:58.043] [Info] ----- ZB player init -----
[13:07:58.044] [Info] [ZB] Mods using update info window and their versions:
[13:07:58.044] [Info] -- frackinuniverse   [Version 6.1.22]
[13:07:58.044] [Info] -- ztarbound   [Version 6.1.22]
[13:07:58.044] [Info] ----- end ZB player init -----
[13:07:58.203] [Error] Could not apply patch from file /items/materials/supermatter.matitem.patch in source: ..\mods\SChinese.pak.  Caused by: (JsonPatchException) Could not apply patch to base. (JsonPatchException) Could not apply operation to base. (TraversalException) Could not find "glitchdescription" to remove
[13:08:36.345] [Info] Flying ship for player 1 to -380526378:515934485:-153072467:9:3
[13:08:50.394] [Info] UniverseServer: Loading celestial world -380526378:515934485:-153072467:9:3
[13:08:50.579] [Info] Protected dungeonIds for world set to (65524)
[13:08:50.797] [Info] UniverseServer: Arriving ship for player 1 at -380526378:515934485:-153072467:9:3
[13:08:50.797] [Info] UniverseServer: Stopping idle world CelestialWorld:-380526378:515934485:-153072467:9:3
[13:08:56.498] [Info] UniverseServer: Loading celestial world -380526374:515934484:-283439852:9:1
[13:08:56.631] [Info] Protected dungeonIds for world set to (65524)
[13:08:57.451] [Info] UniverseServer: Warping player 1 to CelestialWorld:-380526374:515934484:-283439852:9:1=1d4321c178ecf7cd23f557b99c329167
[13:08:57.457] [Info] Client received world stop packet, leaving: Removed
[13:08:57.484] [Info] UniverseServer: Stopping idle world ClientShipWorld:84fbff2d61d95dee5459526ba87ac3dd
[13:08:57.731] [Info] ----- FU player init -----
[13:08:57.731] [Info] ----- End FU player init -----
[13:08:57.731] [Info] ----- ZB player init -----
[13:08:57.731] [Info] [ZB] Mods using update info window and their versions:
[13:08:57.731] [Info] -- frackinuniverse   [Version 6.1.22]
[13:08:57.731] [Info] -- ztarbound   [Version 6.1.22]
[13:08:57.731] [Info] ----- end ZB player init -----
[13:08:57.900] [Error] Could not apply patch from file /items/materials/supermatter.matitem.patch in source: ..\mods\SChinese.pak.  Caused by: (JsonPatchException) Could not apply patch to base. (JsonPatchException) Could not apply operation to base. (TraversalException) Could not find "glitchdescription" to remove
[13:09:02.745] [Error] Could not apply patch from file /quests/generated/locations.config.patch in source: ..\mods\FUC.pak.  Caused by: (JsonPatchException) Could not apply patch to base. (JsonPatchException) Could not apply operation to base. (TraversalException) No such key 'deathcamp1' in pathApply("/fuencounters/deathcamp1/name")
[13:15:04.678] [Error] Could not apply patch from file /objects/farmables/flowerblue/flowerblue.object.patch in source: ..\mods\SChinese.pak.  Caused by: (JsonPatchException) Could not apply patch to base. (JsonPatchException) Could not apply operation to base. (TraversalException) Could not find "novakidDescription" to remove
[13:15:37.630] [Info] Chat: Debug display enabled
[13:15:59.435] [Info] Chat: Debug display disabled
[13:17:33.678] [Info] UniverseServer: Loading client ship world ClientShipWorld:84fbff2d61d95dee5459526ba87ac3dd
[13:17:33.793] [Info] Protected dungeonIds for world set to (65524)
[13:17:34.018] [Info] UniverseServer: Warping player 1 to ClientShipWorld:84fbff2d61d95dee5459526ba87ac3dd
[13:17:34.030] [Info] UniverseServer: Stopping idle world CelestialWorld:-380526374:515934484:-283439852:9:1
[13:17:34.040] [Info] Client received world stop packet, leaving: Removed
[13:17:34.520] [Info] ----- FU player init -----
[13:17:34.520] [Info] ----- End FU player init -----
[13:17:34.520] [Info] ----- ZB player init -----
[13:17:34.520] [Info] [ZB] Mods using update info window and their versions:
[13:17:34.521] [Info] -- ztarbound   [Version 6.1.22]
[13:17:34.521] [Info] -- frackinuniverse   [Version 6.1.22]
[13:17:34.521] [Info] ----- end ZB player init -----
[13:17:34.682] [Error] Could not apply patch from file /items/materials/supermatter.matitem.patch in source: ..\mods\SChinese.pak.  Caused by: (JsonPatchException) Could not apply patch to base. (JsonPatchException) Could not apply operation to base. (TraversalException) Could not find "glitchdescription" to remove
[13:17:38.561] [Info] Chat: Debug display enabled
[13:17:43.984] [Info] Chat: Debug display disabled
[13:18:35.487] [Info] UniverseServer: Loading celestial world -380526378:515934485:-153072467:9:3
[13:18:35.653] [Info] Protected dungeonIds for world set to (65524)
[13:18:35.790] [Info] UniverseServer: Warping player 1 to CelestialWorld:-380526378:515934485:-153072467:9:3
[13:18:35.797] [Info] Client received world stop packet, leaving: Removed
[13:18:35.801] [Info] UniverseServer: Stopping idle world ClientShipWorld:84fbff2d61d95dee5459526ba87ac3dd
[13:18:36.249] [Info] ----- FU player init -----
[13:18:36.249] [Info] ----- End FU player init -----
[13:18:36.249] [Info] ----- ZB player init -----
[13:18:36.250] [Info] [ZB] Mods using update info window and their versions:
[13:18:36.250] [Info] -- ztarbound   [Version 6.1.22]
[13:18:36.250] [Info] -- frackinuniverse   [Version 6.1.22]
[13:18:36.250] [Info] ----- end ZB player init -----
[13:18:36.454] [Error] Could not apply patch from file /items/materials/supermatter.matitem.patch in source: ..\mods\SChinese.pak.  Caused by: (JsonPatchException) Could not apply patch to base. (JsonPatchException) Could not apply operation to base. (TraversalException) Could not find "glitchdescription" to remove
[13:19:25.298] [Error] Could not apply patch from file /quests/generated/locations.config.patch in source: ..\mods\FUC.pak.  Caused by: (JsonPatchException) Could not apply patch to base. (JsonPatchException) Could not apply operation to base. (TraversalException) No such key 'deathcamp1' in pathApply("/fuencounters/deathcamp1/name")
[13:20:22.875] [Error] Could not load audio asset '/sfx/projectiles/radioactive_barrier_kill.ogg', using placeholder default.
(AssetException) No such asset '/sfx/projectiles/radioactive_barrier_kill.ogg'
[13:20:23.262] [Error] Could not apply patch from file /quests/generated/locations.config.patch in source: ..\mods\FUC.pak.  Caused by: (JsonPatchException) Could not apply patch to base. (JsonPatchException) Could not apply operation to base. (TraversalException) No such key 'deathcamp1' in pathApply("/fuencounters/deathcamp1/name")
[13:22:55.894] [Error] Could not load audio asset '/sfx/projectiles/radioactive_barrier_kill.ogg', using placeholder default.
(AssetException) No such asset '/sfx/projectiles/radioactive_barrier_kill.ogg'
[13:23:37.513] [Error] Could not apply patch from file /quests/generated/locations.config.patch in source: ..\mods\FUC.pak.  Caused by: (JsonPatchException) Could not apply patch to base. (JsonPatchException) Could not apply operation to base. (TraversalException) No such key 'deathcamp1' in pathApply("/fuencounters/deathcamp1/name")
[13:24:54.701] [Error] Could not load audio asset '/sfx/projectiles/radioactive_barrier_kill.ogg', using placeholder default.
(AssetException) No such asset '/sfx/projectiles/radioactive_barrier_kill.ogg'
[13:25:53.341] [Error] Could not load audio asset '/sfx/projectiles/radioactive_barrier_kill.ogg', using placeholder default.
(AssetException) No such asset '/sfx/projectiles/radioactive_barrier_kill.ogg'
[13:27:48.048] [Error] Could not load audio asset '/sfx/projectiles/radioactive_barrier_kill.ogg', using placeholder default.
(AssetException) No such asset '/sfx/projectiles/radioactive_barrier_kill.ogg'
[13:30:50.058] [Info] UniverseServer: Loading client ship world ClientShipWorld:84fbff2d61d95dee5459526ba87ac3dd
[13:30:50.143] [Info] Protected dungeonIds for world set to (65524)
[13:30:50.371] [Info] UniverseServer: Warping player 1 to ClientShipWorld:84fbff2d61d95dee5459526ba87ac3dd
[13:30:50.378] [Info] UniverseServer: Stopping idle world CelestialWorld:-380526378:515934485:-153072467:9:3
[13:30:50.385] [Info] Client received world stop packet, leaving: Removed
[13:30:50.932] [Info] ----- FU player init -----
[13:30:50.932] [Info] ----- End FU player init -----
[13:30:50.932] [Info] ----- ZB player init -----
[13:30:50.932] [Info] [ZB] Mods using update info window and their versions:
[13:30:50.933] [Info] -- frackinuniverse   [Version 6.1.22]
[13:30:50.933] [Info] -- ztarbound   [Version 6.1.22]
[13:30:50.933] [Info] ----- end ZB player init -----
[13:30:51.182] [Error] Could not apply patch from file /items/materials/supermatter.matitem.patch in source: ..\mods\SChinese.pak.  Caused by: (JsonPatchException) Could not apply patch to base. (JsonPatchException) Could not apply operation to base. (TraversalException) Could not find "glitchdescription" to remove
[13:30:57.216] [Info] UniverseServer: Loading celestial world -380526378:515934485:-153072467:9:3
[13:30:57.394] [Info] Protected dungeonIds for world set to (65524)
[13:30:57.518] [Info] UniverseServer: Warping player 1 to CelestialWorld:-380526378:515934485:-153072467:9:3
[13:30:57.530] [Info] UniverseServer: Stopping idle world ClientShipWorld:84fbff2d61d95dee5459526ba87ac3dd
[13:30:57.564] [Info] Client received world stop packet, leaving: Removed
[13:30:57.827] [Info] ----- FU player init -----
[13:30:57.827] [Info] ----- End FU player init -----
[13:30:57.827] [Info] ----- ZB player init -----
[13:30:57.827] [Info] [ZB] Mods using update info window and their versions:
[13:30:57.827] [Info] -- ztarbound   [Version 6.1.22]
[13:30:57.827] [Info] -- frackinuniverse   [Version 6.1.22]
[13:30:57.827] [Info] ----- end ZB player init -----
[13:32:09.351] [Error] Could not load audio asset '/sfx/projectiles/radioactive_barrier_kill.ogg', using placeholder default.
(AssetException) No such asset '/sfx/projectiles/radioactive_barrier_kill.ogg'
[13:34:52.590] [Error] Could not apply patch from file /items/materials/supermatter.matitem.patch in source: ..\mods\SChinese.pak.  Caused by: (JsonPatchException) Could not apply patch to base. (JsonPatchException) Could not apply operation to base. (TraversalException) Could not find "glitchdescription" to remove
[13:35:12.763] [Error] Could not load audio asset '/sfx/projectiles/radioactive_barrier_kill.ogg', using placeholder default.
(AssetException) No such asset '/sfx/projectiles/radioactive_barrier_kill.ogg'
[13:36:31.065] [Info] UniverseServer: Creating temporary instance world 'InstanceWorld:challengerooms:7f791d4cf92da633540df80ac50d63f3:3.54937' with expiry time 0
[13:36:31.161] [Info] Protected dungeonIds for world set to (65524)
[13:36:31.161] [Info] Placing dungeon challengerooms
[13:36:31.162] [Info] Placing dungeon at (0, 1000)
[13:36:31.476] [Warn] Dungeon wire endpoint not found. (226, 866)
[13:36:31.476] [Warn] Dungeon wires did not make a circuit.
[13:36:31.524] [Info] Protected dungeonIds for world set to (0, 65524)
[13:36:31.843] [Info] UniverseServer: Warping player 1 to InstanceWorld:challengerooms:7f791d4cf92da633540df80ac50d63f3:3.54937
[13:36:31.861] [Info] UniverseServer: Stopping idle world CelestialWorld:-380526378:515934485:-153072467:9:3
[13:36:31.862] [Info] Client received world stop packet, leaving: Removed
[13:36:32.234] [Info] ----- FU player init -----
[13:36:32.235] [Info] ----- End FU player init -----
[13:36:32.235] [Info] ----- ZB player init -----
[13:36:32.235] [Info] [ZB] Mods using update info window and their versions:
[13:36:32.235] [Info] -- frackinuniverse   [Version 6.1.22]
[13:36:32.235] [Info] -- ztarbound   [Version 6.1.22]
[13:36:32.235] [Info] ----- end ZB player init -----
[13:36:32.516] [Error] Could not apply patch from file /items/materials/supermatter.matitem.patch in source: ..\mods\SChinese.pak.  Caused by: (JsonPatchException) Could not apply patch to base. (JsonPatchException) Could not apply operation to base. (TraversalException) Could not find "glitchdescription" to remove
[13:38:40.594] [Info] UniverseServer: Loading celestial world -380526378:515934485:-153072467:9:3
[13:38:40.781] [Info] Protected dungeonIds for world set to (65524)
[13:38:40.897] [Info] UniverseServer: Warping player 1 to CelestialWorld:-380526378:515934485:-153072467:9:3=1385.09.575
[13:38:40.910] [Info] Client received world stop packet, leaving: Removed
[13:38:41.017] [Info] UniverseServer: Stopping idle world InstanceWorld:challengerooms:7f791d4cf92da633540df80ac50d63f3:3.54937
[13:38:41.322] [Info] UniverseServer: Expiring temporary world InstanceWorld:challengerooms:7f791d4cf92da633540df80ac50d63f3:3.54937
[13:38:41.473] [Info] ----- FU player init -----
[13:38:41.474] [Info] ----- End FU player init -----
[13:38:41.474] [Info] ----- ZB player init -----
[13:38:41.474] [Info] [ZB] Mods using update info window and their versions:
[13:38:41.474] [Info] -- ztarbound   [Version 6.1.22]
[13:38:41.474] [Info] -- frackinuniverse   [Version 6.1.22]
[13:38:41.474] [Info] ----- end ZB player init -----
[13:38:41.663] [Error] Could not apply patch from file /items/materials/supermatter.matitem.patch in source: ..\mods\SChinese.pak.  Caused by: (JsonPatchException) Could not apply patch to base. (JsonPatchException) Could not apply operation to base. (TraversalException) Could not find "glitchdescription" to remove
[13:40:47.206] [Error] Could not apply patch from file /items/materials/supermatter.matitem.patch in source: ..\mods\SChinese.pak.  Caused by: (JsonPatchException) Could not apply patch to base. (JsonPatchException) Could not apply operation to base. (TraversalException) Could not find "glitchdescription" to remove
[13:51:12.789] [Error] Could not apply patch from file /quests/generated/locations.config.patch in source: ..\mods\FUC.pak.  Caused by: (JsonPatchException) Could not apply patch to base. (JsonPatchException) Could not apply operation to base. (TraversalException) No such key 'deathcamp1' in pathApply("/fuencounters/deathcamp1/name")
[13:51:48.383] [Error] Could not apply patch from file /quests/generated/locations.config.patch in source: ..\mods\FUC.pak.  Caused by: (JsonPatchException) Could not apply patch to base. (JsonPatchException) Could not apply operation to base. (TraversalException) No such key 'deathcamp1' in pathApply("/fuencounters/deathcamp1/name")
[13:52:13.603] [Info] UniverseServer: Loading client ship world ClientShipWorld:84fbff2d61d95dee5459526ba87ac3dd
[13:52:13.725] [Info] Protected dungeonIds for world set to (65524)
[13:52:14.021] [Info] UniverseServer: Warping player 1 to ClientShipWorld:84fbff2d61d95dee5459526ba87ac3dd
[13:52:14.027] [Info] Client received world stop packet, leaving: Removed
[13:52:14.033] [Info] UniverseServer: Stopping idle world CelestialWorld:-380526378:515934485:-153072467:9:3
[13:52:14.529] [Info] ----- FU player init -----
[13:52:14.529] [Info] ----- End FU player init -----
[13:52:14.529] [Info] ----- ZB player init -----
[13:52:14.529] [Info] [ZB] Mods using update info window and their versions:
[13:52:14.541] [Info] -- frackinuniverse   [Version 6.1.22]
[13:52:14.541] [Info] -- ztarbound   [Version 6.1.22]
[13:52:14.541] [Info] ----- end ZB player init -----
[13:52:21.475] [Info] UniverseServer: Loading celestial world -380526374:515934484:-283439852:9:1
[13:52:21.624] [Info] Protected dungeonIds for world set to (65524)
[13:52:22.291] [Info] UniverseServer: Warping player 1 to CelestialWorld:-380526374:515934484:-283439852:9:1=1d4321c178ecf7cd23f557b99c329167
[13:52:22.307] [Info] Client received world stop packet, leaving: Removed
[13:52:22.319] [Info] UniverseServer: Stopping idle world ClientShipWorld:84fbff2d61d95dee5459526ba87ac3dd
[13:52:22.542] [Info] ----- FU player init -----
[13:52:22.542] [Info] ----- End FU player init -----
[13:52:22.542] [Info] ----- ZB player init -----
[13:52:22.542] [Info] [ZB] Mods using update info window and their versions:
[13:52:22.542] [Info] -- ztarbound   [Version 6.1.22]
[13:52:22.542] [Info] -- frackinuniverse   [Version 6.1.22]
[13:52:22.542] [Info] ----- end ZB player init -----
[13:53:25.496] [Error] Could not apply patch from file /quests/generated/locations.config.patch in source: ..\mods\FUC.pak.  Caused by: (JsonPatchException) Could not apply patch to base. (JsonPatchException) Could not apply operation to base. (TraversalException) No such key 'deathcamp1' in pathApply("/fuencounters/deathcamp1/name")
[13:56:57.577] [Error] Could not apply patch from file /quests/generated/locations.config.patch in source: ..\mods\FUC.pak.  Caused by: (JsonPatchException) Could not apply patch to base. (JsonPatchException) Could not apply operation to base. (TraversalException) No such key 'deathcamp1' in pathApply("/fuencounters/deathcamp1/name")
[14:00:49.210] [Error] Could not apply patch from file /items/materials/bamboo.matitem.patch in source: ..\mods\SChinese.pak.  Caused by: (JsonPatchException) Could not apply patch to base. (JsonPatchException) Could not apply operation to base. (TraversalException) Could not find "glitchdescription" to remove
[14:00:49.240] [Error] Could not apply patch from file /items/materials/supermatter.matitem.patch in source: ..\mods\SChinese.pak.  Caused by: (JsonPatchException) Could not apply patch to base. (JsonPatchException) Could not apply operation to base. (TraversalException) Could not find "glitchdescription" to remove
[14:01:08.039] [Info] UniverseClient: Client disconnecting...
[14:01:08.144] [Info] Client received world stop packet, leaving: Removed
[14:01:08.200] [Info] UniverseServer: Client 'Shadowrabbit' <1> (local) disconnected for reason: 
[14:01:08.200] [Info] UniverseServer: Stopping idle world CelestialWorld:-380526374:515934484:-283439852:9:1
[14:01:08.734] [Info] UniverseServer: Stopping UniverseServer
[14:01:08.734] [Info] UniverseServer: Stopping TCP Server
[14:01:08.854] [Info] Clearing steam rich presence connection
[14:01:10.496] [Info] Application: quit requested
[14:01:10.496] [Info] Application: quitting...
[14:01:10.496] [Info] Application: shutdown...
[14:01:10.796] [Info] Root: Shutting down Root
[14:01:12.046] [Info] Application: Destroying SDL Window
[14:01:12.145] [Info] Application: stopped gracefully
